<?xml version="1.0" encoding="UTF-8"?>
<testsuite xmlns:xsi="http://www.w3.org/2001/XMLSchema-instance" xsi:noNamespaceSchemaLocation="https://maven.apache.org/surefire/maven-surefire-plugin/xsd/surefire-test-report.xsd" version="3.0.2" name="com.gt.bff.controller.GtBffControllerTest" time="0.993" tests="6" errors="0" skipped="0" failures="0">
  <properties>
[...]
</properties>
  <testcase name="getSearchFilters_ShouldReturnSuccess" classname="com.gt.bff.controller.GtBffControllerTest" time="0.775">
    <system-out><![CDATA[Standard Commons Logging discovery in action with spring-jcl: please remove commons-logging.jar from classpath in order to avoid potential conflicts
14:20:22.611 [main] INFO org.hibernate.validator.internal.util.Version -- HV000001: Hibernate Validator 8.0.2.Final
14:20:22.755 [main] INFO org.springframework.mock.web.MockServletContext -- Initializing Spring TestDispatcherServlet ''
14:20:22.756 [main] INFO org.springframework.test.web.servlet.TestDispatcherServlet -- Initializing Servlet ''
14:20:22.757 [main] INFO org.springframework.test.web.servlet.TestDispatcherServlet -- Completed initialization in 0 ms
14:20:22.788 [main] INFO com.gt.bff.util.ResponseHelper -- Executing operation: getSearchFilters with context: searchInput: null
]]></system-out>
    <system-err><![CDATA[Mockito is currently self-attaching to enable the inline-mock-maker. This will no longer work in future releases of the JDK. Please add Mockito as an agent to your build as described in Mockito's documentation: https://javadoc.io/doc/org.mockito/mockito-core/latest/org.mockito/org/mockito/Mockito.html#0.3
WARNING: A Java agent has been loaded dynamically (/Users/sreenathgurujala/.m2/repository/net/bytebuddy/byte-buddy-agent/1.17.6/byte-buddy-agent-1.17.6.jar)
WARNING: If a serviceability tool is in use, please run with -XX:+EnableDynamicAgentLoading to hide this warning
WARNING: If a serviceability tool is not in use, please run with -Djdk.instrument.traceUsage for more information
WARNING: Dynamic loading of agents will be disallowed by default in a future release
]]></system-err>
  </testcase>
  <testcase name="planTripWithFlights_ShouldReturnSuccess" classname="com.gt.bff.controller.GtBffControllerTest" time="0.072">
    <system-out><![CDATA[14:20:22.832 [main] INFO org.springframework.mock.web.MockServletContext -- Initializing Spring TestDispatcherServlet ''
14:20:22.832 [main] INFO org.springframework.test.web.servlet.TestDispatcherServlet -- Initializing Servlet ''
14:20:22.832 [main] INFO org.springframework.test.web.servlet.TestDispatcherServlet -- Completed initialization in 0 ms
14:20:22.886 [main] INFO com.gt.bff.util.ResponseHelper -- Executing operation: planTripWithFlights with context: from: New York to: Los Angeles
]]></system-out>
  </testcase>
  <testcase name="getSampleWeather_ShouldReturnSuccess" classname="com.gt.bff.controller.GtBffControllerTest" time="0.012">
    <system-out><![CDATA[14:20:22.904 [main] INFO org.springframework.mock.web.MockServletContext -- Initializing Spring TestDispatcherServlet ''
14:20:22.904 [main] INFO org.springframework.test.web.servlet.TestDispatcherServlet -- Initializing Servlet ''
14:20:22.904 [main] INFO org.springframework.test.web.servlet.TestDispatcherServlet -- Completed initialization in 0 ms
14:20:22.907 [main] INFO com.gt.bff.util.ResponseHelper -- Executing operation: getSampleWeather with context: location: San Francisco, CA, date: null
]]></system-out>
  </testcase>
  <testcase name="getWeatherForecast_WithInvalidRequest_ShouldReturnBadRequest" classname="com.gt.bff.controller.GtBffControllerTest" time="0.026">
    <system-out><![CDATA[14:20:22.915 [main] INFO org.springframework.mock.web.MockServletContext -- Initializing Spring TestDispatcherServlet ''
14:20:22.915 [main] INFO org.springframework.test.web.servlet.TestDispatcherServlet -- Initializing Servlet ''
14:20:22.916 [main] INFO org.springframework.test.web.servlet.TestDispatcherServlet -- Completed initialization in 1 ms
14:20:22.935 [main] WARN org.springframework.web.servlet.mvc.support.DefaultHandlerExceptionResolver -- Resolved [org.springframework.web.bind.MethodArgumentNotValidException: Validation failed for argument [0] in public org.springframework.http.ResponseEntity<com.gt.bff.model.dto.WeatherResponse> com.gt.bff.controller.GtBffController.getWeatherForecast(com.gt.bff.model.dto.WeatherRequest) with 3 errors: [Field error in object 'weatherRequest' on field 'destination': rejected value []; codes [NotBlank.weatherRequest.destination,NotBlank.destination,NotBlank.java.lang.String,NotBlank]; arguments [org.springframework.context.support.DefaultMessageSourceResolvable: codes [weatherRequest.destination,destination]; arguments []; default message [destination]]; default message [Destination is required]] [Field error in object 'weatherRequest' on field 'travelWindow': rejected value []; codes [NotBlank.weatherRequest.travelWindow,NotBlank.travelWindow,NotBlank.java.lang.String,NotBlank]; arguments [org.springframework.context.support.DefaultMessageSourceResolvable: codes [weatherRequest.travelWindow,travelWindow]; arguments []; default message [travelWindow]]; default message [Travel window is required]] [Field error in object 'weatherRequest' on field 'contextId': rejected value []; codes [NotBlank.weatherRequest.contextId,NotBlank.contextId,NotBlank.java.lang.String,NotBlank]; arguments [org.springframework.context.support.DefaultMessageSourceResolvable: codes [weatherRequest.contextId,contextId]; arguments []; default message [contextId]]; default message [Context ID is required]] ]
]]></system-out>
  </testcase>
  <testcase name="planTripWithFlights_WithInvalidRequest_ShouldReturnBadRequest" classname="com.gt.bff.controller.GtBffControllerTest" time="0.012">
    <system-out><![CDATA[14:20:22.942 [main] INFO org.springframework.mock.web.MockServletContext -- Initializing Spring TestDispatcherServlet ''
14:20:22.942 [main] INFO org.springframework.test.web.servlet.TestDispatcherServlet -- Initializing Servlet ''
14:20:22.942 [main] INFO org.springframework.test.web.servlet.TestDispatcherServlet -- Completed initialization in 0 ms
14:20:22.947 [main] WARN org.springframework.web.servlet.mvc.support.DefaultHandlerExceptionResolver -- Resolved [org.springframework.web.bind.MethodArgumentNotValidException: Validation failed for argument [0] in public org.springframework.http.ResponseEntity<com.gt.bff.model.dto.TravelResponse> com.gt.bff.controller.GtBffController.planTripWithFlights(com.gt.bff.model.dto.TravelRequest) with 3 errors: [Field error in object 'travelRequest' on field 'origin': rejected value []; codes [NotBlank.travelRequest.origin,NotBlank.origin,NotBlank.java.lang.String,NotBlank]; arguments [org.springframework.context.support.DefaultMessageSourceResolvable: codes [travelRequest.origin,origin]; arguments []; default message [origin]]; default message [Origin is required]] [Field error in object 'travelRequest' on field 'destination': rejected value []; codes [NotBlank.travelRequest.destination,NotBlank.destination,NotBlank.java.lang.String,NotBlank]; arguments [org.springframework.context.support.DefaultMessageSourceResolvable: codes [travelRequest.destination,destination]; arguments []; default message [destination]]; default message [Destination is required]] [Field error in object 'travelRequest' on field 'departureDate': rejected value [null]; codes [NotNull.travelRequest.departureDate,NotNull.departureDate,NotNull.java.time.LocalDate,NotNull]; arguments [org.springframework.context.support.DefaultMessageSourceResolvable: codes [travelRequest.departureDate,departureDate]; arguments []; default message [departureDate]]; default message [Departure date is required]] ]
]]></system-out>
  </testcase>
  <testcase name="getWeatherForecast_ShouldReturnSuccess" classname="com.gt.bff.controller.GtBffControllerTest" time="0.014">
    <system-out><![CDATA[14:20:22.954 [main] INFO org.springframework.mock.web.MockServletContext -- Initializing Spring TestDispatcherServlet ''
14:20:22.954 [main] INFO org.springframework.test.web.servlet.TestDispatcherServlet -- Initializing Servlet ''
14:20:22.954 [main] INFO org.springframework.test.web.servlet.TestDispatcherServlet -- Completed initialization in 0 ms
14:20:22.958 [main] INFO com.gt.bff.util.ResponseHelper -- Executing operation: getWeatherForecast with context: destination: Tokyo
]]></system-out>
  </testcase>
</testsuite>