<?xml version="1.0" encoding="UTF-8"?>
<testsuite xmlns:xsi="http://www.w3.org/2001/XMLSchema-instance" xsi:noNamespaceSchemaLocation="https://maven.apache.org/surefire/maven-surefire-plugin/xsd/surefire-test-report-3.0.xsd" version="3.0" name="com.gt.bff.controller.GtBffControllerTest" time="1.466" tests="6" errors="0" skipped="0" failures="0">
  <properties>
[...]
</properties>
  <testcase name="getSearchFilters_ShouldReturnSuccess" classname="com.gt.bff.controller.GtBffControllerTest" time="0.067">
    <system-out><![CDATA[12:12:23.333 [main] INFO org.springframework.test.context.support.AnnotationConfigContextLoaderUtils -- Could not detect default configuration classes for test class [com.gt.bff.controller.GtBffControllerTest]: GtBffControllerTest does not declare any static, non-private, non-final, nested classes annotated with @Configuration.
12:12:23.419 [main] INFO org.springframework.boot.test.context.SpringBootTestContextBootstrapper -- Found @SpringBootConfiguration com.gt.bff.GtBffApplication for test class com.gt.bff.controller.GtBffControllerTest

  .   ____          _            __ _ _
 /\\ / ___'_ __ _ _(_)_ __  __ _ \ \ \ \
( ( )\___ | '_ | '_| | '_ \/ _` | \ \ \ \
 \\/  ___)| |_)| | | | | || (_| |  ) ) ) )
  '  |____| .__|_| |_|_| |_\__, | / / / /
 =========|_|==============|___/=/_/_/_/
&amp#27;[32m :: Spring Boot :: &amp#27;[39m              &amp#27;[2m (v3.2.0)&amp#27;[0;39m

2025-06-24 12:12:23 [main] INFO  c.g.b.controller.GtBffControllerTest - Starting GtBffControllerTest using Java 23.0.2 with PID 3012 (started by sreenathgurujala in /Users/sreenathgurujala/git/gt-bff)
2025-06-24 12:12:23 [main] DEBUG c.g.b.controller.GtBffControllerTest - Running with Spring Boot v3.2.0, Spring v6.1.1
2025-06-24 12:12:23 [main] INFO  c.g.b.controller.GtBffControllerTest - No active profile set, falling back to 1 default profile: "default"
2025-06-24 12:12:24 [main] INFO  c.gt.bff.controller.GtBffController - Initializing GtBffController with base path: /api/v1/gt
2025-06-24 12:12:24 [main] INFO  o.s.b.t.m.w.SpringBootMockServletContext - Initializing Spring TestDispatcherServlet ''
2025-06-24 12:12:24 [main] INFO  o.s.t.w.s.TestDispatcherServlet - Initializing Servlet ''
2025-06-24 12:12:24 [main] INFO  o.s.t.w.s.TestDispatcherServlet - Completed initialization in 0 ms
2025-06-24 12:12:24 [main] INFO  c.g.b.controller.GtBffControllerTest - Started GtBffControllerTest in 1.091 seconds (process running for 1.557)
2025-06-24 12:12:24 [main] INFO  com.gt.bff.util.ResponseHelper - Executing operation: getSearchFilters
2025-06-24 12:12:24 [main] DEBUG com.gt.bff.util.ResponseHelper - Successfully completed operation: getSearchFilters
]]></system-out>
    <system-err><![CDATA[WARNING: A Java agent has been loaded dynamically (/Users/sreenathgurujala/.m2/repository/net/bytebuddy/byte-buddy-agent/1.14.10/byte-buddy-agent-1.14.10.jar)
WARNING: If a serviceability tool is in use, please run with -XX:+EnableDynamicAgentLoading to hide this warning
WARNING: If a serviceability tool is not in use, please run with -Djdk.instrument.traceUsage for more information
WARNING: Dynamic loading of agents will be disallowed by default in a future release
]]></system-err>
  </testcase>
  <testcase name="planTripWithFlights_ShouldReturnSuccess" classname="com.gt.bff.controller.GtBffControllerTest" time="0.066">
    <system-out><![CDATA[2025-06-24 12:12:24 [main] INFO  com.gt.bff.util.ResponseHelper - Executing operation: planTripWithFlights with context: from: New York to: Los Angeles
2025-06-24 12:12:24 [main] DEBUG com.gt.bff.util.ResponseHelper - Successfully completed operation: planTripWithFlights with context: from: New York to: Los Angeles
]]></system-out>
  </testcase>
  <testcase name="getSampleWeather_ShouldReturnSuccess" classname="com.gt.bff.controller.GtBffControllerTest" time="0.006">
    <system-out><![CDATA[2025-06-24 12:12:24 [main] INFO  com.gt.bff.util.ResponseHelper - Executing operation: getSampleWeather with context: location: San Francisco, CA, date: null
2025-06-24 12:12:24 [main] DEBUG com.gt.bff.util.ResponseHelper - Successfully completed operation: getSampleWeather with context: location: San Francisco, CA, date: null
]]></system-out>
  </testcase>
  <testcase name="getWeatherForecast_WithInvalidRequest_ShouldReturnBadRequest" classname="com.gt.bff.controller.GtBffControllerTest" time="0.013"/>
  <testcase name="planTripWithFlights_WithInvalidRequest_ShouldReturnBadRequest" classname="com.gt.bff.controller.GtBffControllerTest" time="0.002"/>
  <testcase name="getWeatherForecast_ShouldReturnSuccess" classname="com.gt.bff.controller.GtBffControllerTest" time="0.004">
    <system-out><![CDATA[2025-06-24 12:12:24 [main] INFO  com.gt.bff.util.ResponseHelper - Executing operation: getWeatherForecast with context: destination: Tokyo
2025-06-24 12:12:24 [main] DEBUG com.gt.bff.util.ResponseHelper - Successfully completed operation: getWeatherForecast with context: destination: Tokyo
]]></system-out>
  </testcase>
</testsuite>