<?xml version="1.0" encoding="UTF-8"?>
<testsuite xmlns:xsi="http://www.w3.org/2001/XMLSchema-instance" xsi:noNamespaceSchemaLocation="https://maven.apache.org/surefire/maven-surefire-plugin/xsd/surefire-test-report-3.0.xsd" version="3.0" name="com.gt.bff.service.TravelServiceImplTest" time="0.111" tests="5" errors="0" skipped="0" failures="0">
  <properties>
[...]
</properties>
  <testcase name="getSearchFilters_WithNullInput_ShouldHandleGracefully" classname="com.gt.bff.service.TravelServiceImplTest" time="0.091">
    <system-out><![CDATA[12:48:57.984 [main] INFO com.gt.bff.service.TravelServiceImpl -- Loaded travel extraction prompt template from: classpath:prompts/travel-extraction-prompt.txt
12:48:57.985 [main] INFO com.gt.bff.service.TravelServiceImpl -- Generating search filters with input: null
12:48:57.985 [main] WARN com.gt.bff.service.TravelServiceImpl -- Null search input provided, using default values
]]></system-out>
  </testcase>
  <testcase name="getSearchFilters_WithGenAIError_ShouldReturnFallbackValues" classname="com.gt.bff.service.TravelServiceImplTest" time="0.005">
    <system-out><![CDATA[12:48:58.009 [main] INFO com.gt.bff.service.TravelServiceImpl -- Loaded travel extraction prompt template from: classpath:prompts/travel-extraction-prompt.txt
12:48:58.010 [main] INFO com.gt.bff.service.TravelServiceImpl -- Generating search filters with input: invalid search
12:48:58.010 [main] ERROR com.gt.bff.service.TravelServiceImpl -- Error calling GenAI service, using fallback values: AI service error
]]></system-out>
  </testcase>
  <testcase name="getSearchFilters_WithValidInput_ShouldReturnFilters" classname="com.gt.bff.service.TravelServiceImplTest" time="0.005">
    <system-out><![CDATA[12:48:58.014 [main] INFO com.gt.bff.service.TravelServiceImpl -- Loaded travel extraction prompt template from: classpath:prompts/travel-extraction-prompt.txt
12:48:58.014 [main] INFO com.gt.bff.service.TravelServiceImpl -- Generating search filters with input: Plan a 2 week vacation from New York to London in July 2025
12:48:58.017 [main] INFO com.gt.bff.service.TravelServiceImpl -- Successfully parsed GenAI response into filters
]]></system-out>
  </testcase>
  <testcase name="planTripWithFlights_WithMinimalRequest_ShouldUseDefaults" classname="com.gt.bff.service.TravelServiceImplTest" time="0.003">
    <system-out><![CDATA[12:48:58.019 [main] INFO com.gt.bff.service.TravelServiceImpl -- Loaded travel extraction prompt template from: classpath:prompts/travel-extraction-prompt.txt
12:48:58.020 [main] INFO com.gt.bff.service.TravelServiceImpl -- Planning trip with flights from Boston to Seattle on 2024-07-01
]]></system-out>
  </testcase>
  <testcase name="planTripWithFlights_ShouldReturnValidResponse" classname="com.gt.bff.service.TravelServiceImplTest" time="0.005">
    <system-out><![CDATA[12:48:58.023 [main] INFO com.gt.bff.service.TravelServiceImpl -- Loaded travel extraction prompt template from: classpath:prompts/travel-extraction-prompt.txt
12:48:58.023 [main] INFO com.gt.bff.service.TravelServiceImpl -- Planning trip with flights from New York to Los Angeles on 2024-06-15
]]></system-out>
  </testcase>
</testsuite>